<?xml version="1.0" encoding="UTF-8"?>
<!-- Generated by org.testng.reporters.JUnitReportReporter -->
<testsuite skipped="0" hostname="DESKTOP-GGC2QDQ" name="testRunners.FirstRunner" tests="2" failures="0" timestamp="2020-03-28T22:11:54 CST" time="32.383" errors="2">
  <testcase name="runScenario" time="22.694" classname="testRunners.FirstRunner">
    <error type="java.lang.NullPointerException">
      <![CDATA[java.lang.NullPointerException
at stepDefinitions.WhenTest.user_clicks_on_women_category(WhenTest.java:45)
at âœ½.User clicks on women category(file:///C:/Users/test.admin/Desktop/selenium/seleniumPractica/src/test/resources/featureFiles/Buy.feature:9)
]]>
    </error>
  </testcase> <!-- runScenario -->
  <system-out/>
  <testcase name="runScenario" time="9.689" classname="testRunners.FirstRunner">
    <error type="org.openqa.selenium.SessionNotCreatedException" message="session not created
from chrome not reachable
  (Session info: chrome=80.0.3987.149)
Build info: version: &#039;3.141.59&#039;, revision: &#039;e82be7d358&#039;, time: &#039;2018-11-14T08:17:03&#039;
System info: host: &#039;DESKTOP-GGC2QDQ&#039;, ip: &#039;192.168.1.75&#039;, os.name: &#039;Windows 10&#039;, os.arch: &#039;amd64&#039;, os.version: &#039;10.0&#039;, java.version: &#039;1.8.0_241&#039;
Driver info: driver.version: ChromeDriver
remote stacktrace: Backtrace:
	Ordinal0 [0x00EE0C83+1707139]
	Ordinal0 [0x00E468F1+1075441]
	Ordinal0 [0x00DBDE72+515698]
	Ordinal0 [0x00DB7CA8+490664]
	Ordinal0 [0x00DB839B+492443]
	Ordinal0 [0x00DB92F5+496373]
	Ordinal0 [0x00DB4F05+478981]
	Ordinal0 [0x00DBECA0+519328]
	Ordinal0 [0x00D6CA67+182887]
	Ordinal0 [0x00D6BDDD+179677]
	Ordinal0 [0x00D69D4B+171339]
	Ordinal0 [0x00D51D4A+73034]
	Ordinal0 [0x00D52DC0+77248]
	Ordinal0 [0x00D52D59+77145]
	Ordinal0 [0x00E5BB67+1162087]
	GetHandleVerifier [0x00F7A966+508998]
	GetHandleVerifier [0x00F7A6A4+508292]
	GetHandleVerifier [0x00F8F7B7+594583]
	GetHandleVerifier [0x00F7B1D6+511158]
	Ordinal0 [0x00E5402C+1130540]
	Ordinal0 [0x00E5D4CB+1168587]
	Ordinal0 [0x00E5D633+1168947]
	Ordinal0 [0x00E75B35+1268533]
	BaseThreadInitThunk [0x74F66359+25]
	RtlGetAppContainerNamedObjectPath [0x76F57B74+228]
	RtlGetAppContainerNamedObjectPath [0x76F57B44+180]
">
      <![CDATA[org.openqa.selenium.SessionNotCreatedException: session not created
from chrome not reachable
  (Session info: chrome=80.0.3987.149)
Build info: version: '3.141.59', revision: 'e82be7d358', time: '2018-11-14T08:17:03'
System info: host: 'DESKTOP-GGC2QDQ', ip: '192.168.1.75', os.name: 'Windows 10', os.arch: 'amd64', os.version: '10.0', java.version: '1.8.0_241'
Driver info: driver.version: ChromeDriver
remote stacktrace: Backtrace:
Ordinal0 [0x00EE0C83+1707139]
Ordinal0 [0x00E468F1+1075441]
Ordinal0 [0x00DBDE72+515698]
Ordinal0 [0x00DB7CA8+490664]
Ordinal0 [0x00DB839B+492443]
Ordinal0 [0x00DB92F5+496373]
Ordinal0 [0x00DB4F05+478981]
Ordinal0 [0x00DBECA0+519328]
Ordinal0 [0x00D6CA67+182887]
Ordinal0 [0x00D6BDDD+179677]
Ordinal0 [0x00D69D4B+171339]
Ordinal0 [0x00D51D4A+73034]
Ordinal0 [0x00D52DC0+77248]
Ordinal0 [0x00D52D59+77145]
Ordinal0 [0x00E5BB67+1162087]
GetHandleVerifier [0x00F7A966+508998]
GetHandleVerifier [0x00F7A6A4+508292]
GetHandleVerifier [0x00F8F7B7+594583]
GetHandleVerifier [0x00F7B1D6+511158]
Ordinal0 [0x00E5402C+1130540]
Ordinal0 [0x00E5D4CB+1168587]
Ordinal0 [0x00E5D633+1168947]
Ordinal0 [0x00E75B35+1268533]
BaseThreadInitThunk [0x74F66359+25]
RtlGetAppContainerNamedObjectPath [0x76F57B74+228]
RtlGetAppContainerNamedObjectPath [0x76F57B44+180]

at sun.reflect.NativeConstructorAccessorImpl.newInstance0(Native Method)
at sun.reflect.NativeConstructorAccessorImpl.newInstance(Unknown Source)
at sun.reflect.DelegatingConstructorAccessorImpl.newInstance(Unknown Source)
at java.lang.reflect.Constructor.newInstance(Unknown Source)
at org.openqa.selenium.remote.W3CHandshakeResponse.lambda$errorHandler$0(W3CHandshakeResponse.java:62)
at org.openqa.selenium.remote.HandshakeResponse.lambda$getResponseFunction$0(HandshakeResponse.java:30)
at org.openqa.selenium.remote.ProtocolHandshake.lambda$createSession$0(ProtocolHandshake.java:126)
at java.util.stream.ReferencePipeline$3$1.accept(Unknown Source)
at java.util.Spliterators$ArraySpliterator.tryAdvance(Unknown Source)
at java.util.stream.ReferencePipeline.forEachWithCancel(Unknown Source)
at java.util.stream.AbstractPipeline.copyIntoWithCancel(Unknown Source)
at java.util.stream.AbstractPipeline.copyInto(Unknown Source)
at java.util.stream.AbstractPipeline.wrapAndCopyInto(Unknown Source)
at java.util.stream.FindOps$FindOp.evaluateSequential(Unknown Source)
at java.util.stream.AbstractPipeline.evaluate(Unknown Source)
at java.util.stream.ReferencePipeline.findFirst(Unknown Source)
at org.openqa.selenium.remote.ProtocolHandshake.createSession(ProtocolHandshake.java:128)
at org.openqa.selenium.remote.ProtocolHandshake.createSession(ProtocolHandshake.java:74)
at org.openqa.selenium.remote.HttpCommandExecutor.execute(HttpCommandExecutor.java:136)
at org.openqa.selenium.remote.service.DriverCommandExecutor.execute(DriverCommandExecutor.java:83)
at org.openqa.selenium.remote.RemoteWebDriver.execute(RemoteWebDriver.java:552)
at org.openqa.selenium.remote.RemoteWebDriver.startSession(RemoteWebDriver.java:213)
at org.openqa.selenium.remote.RemoteWebDriver.<init>(RemoteWebDriver.java:131)
at org.openqa.selenium.chrome.ChromeDriver.<init>(ChromeDriver.java:181)
at org.openqa.selenium.chrome.ChromeDriver.<init>(ChromeDriver.java:168)
at org.openqa.selenium.chrome.ChromeDriver.<init>(ChromeDriver.java:123)
at stepDefinitions.SetUpClass.setUp(SetUpClass.java:17)
]]>
    </error>
  </testcase> <!-- runScenario -->
  <system-out/>
</testsuite> <!-- testRunners.FirstRunner -->
